# JRE version: Java(TM) SE Runtime Environment (8.0_202-b08) (build 1.8.0_202-b08)
# Java VM: Java HotSpot(TM) 64-Bit Server VM (25.202-b08 mixed mode windows-amd64 compressed oops)
Heap:
 PSYoungGen      total 983552K, used 248265K [0x0000000780000000, 0x00000007c0000000, 0x00000007c0000000)
  eden space 979968K, 25% used [0x0000000780000000,0x000000078f272580,0x00000007bbd00000)
  from space 3584K, 0% used [0x00000007bbd00000,0x00000007bbd00000,0x00000007bc080000)
  to   space 34816K, 0% used [0x00000007bde00000,0x00000007bde00000,0x00000007c0000000)
 ParOldGen       total 560640K, used 35397K [0x0000000700000000, 0x0000000722380000, 0x0000000780000000)
  object space 560640K, 6% used [0x0000000700000000,0x0000000702291678,0x0000000722380000)
 Metaspace       used 59487K, capacity 62668K, committed 62808K, reserved 1103872K
  class space    used 8169K, capacity 8736K, committed 8832K, reserved 1048576K
GC Heap History (10 events):
Event: 23.196 GC heap before
{Heap before GC invocations=12 (full 2):
 PSYoungGen      total 1017856K, used 1010046K [0x0000000780000000, 0x00000007c0000000, 0x00000007c0000000)
  eden space 987136K, 100% used [0x0000000780000000,0x00000007bc400000,0x00000007bc400000)
  from space 30720K, 74% used [0x00000007bc400000,0x00000007bda5f840,0x00000007be200000)
  to   space 30720K, 0% used [0x00000007be200000,0x00000007be200000,0x00000007c0000000)
 ParOldGen       total 480768K, used 22545K [0x0000000700000000, 0x000000071d580000, 0x0000000780000000)
  object space 480768K, 4% used [0x0000000700000000,0x0000000701604538,0x000000071d580000)
 Metaspace       used 53300K, capacity 55950K, committed 56152K, reserved 1097728K
  class space    used 7194K, capacity 7702K, committed 7808K, reserved 1048576K
Event: 23.203 GC heap after
Heap after GC invocations=12 (full 2):
 PSYoungGen      total 1013760K, used 3024K [0x0000000780000000, 0x00000007c0000000, 0x00000007c0000000)
  eden space 983040K, 0% used [0x0000000780000000,0x0000000780000000,0x00000007bc000000)
  from space 30720K, 9% used [0x00000007be200000,0x00000007be4f4020,0x00000007c0000000)
  to   space 32768K, 0% used [0x00000007bc000000,0x00000007bc000000,0x00000007be000000)
 ParOldGen       total 480768K, used 43501K [0x0000000700000000, 0x000000071d580000, 0x0000000780000000)
  object space 480768K, 9% used [0x0000000700000000,0x0000000702a7b520,0x000000071d580000)
 Metaspace       used 53300K, capacity 55950K, committed 56152K, reserved 1097728K
  class space    used 7194K, capacity 7702K, committed 7808K, reserved 1048576K
}
Event: 23.594 GC heap before
{Heap before GC invocations=13 (full 2):
 PSYoungGen      total 1013760K, used 986064K [0x0000000780000000, 0x00000007c0000000, 0x00000007c0000000)
  eden space 983040K, 100% used [0x0000000780000000,0x00000007bc000000,0x00000007bc000000)
  from space 30720K, 9% used [0x00000007be200000,0x00000007be4f4020,0x00000007c0000000)
  to   space 32768K, 0% used [0x00000007bc000000,0x00000007bc000000,0x00000007be000000)
 ParOldGen       total 480768K, used 43501K [0x0000000700000000, 0x000000071d580000, 0x0000000780000000)
  object space 480768K, 9% used [0x0000000700000000,0x0000000702a7b520,0x000000071d580000)
 Metaspace       used 53300K, capacity 55950K, committed 56152K, reserved 1097728K
  class space    used 7194K, capacity 7702K, committed 7808K, reserved 1048576K
Event: 23.596 GC heap after
Heap after GC invocations=13 (full 2):
 PSYoungGen      total 986112K, used 2976K [0x0000000780000000, 0x00000007c0000000, 0x00000007c0000000)
  eden space 983040K, 0% used [0x0000000780000000,0x0000000780000000,0x00000007bc000000)
  from space 3072K, 96% used [0x00000007bc000000,0x00000007bc2e8010,0x00000007bc300000)
  to   space 33792K, 0% used [0x00000007bdf00000,0x00000007bdf00000,0x00000007c0000000)
 ParOldGen       total 480768K, used 44565K [0x0000000700000000, 0x000000071d580000, 0x0000000780000000)
  object space 480768K, 9% used [0x0000000700000000,0x0000000702b855b0,0x000000071d580000)
 Metaspace       used 53300K, capacity 55950K, committed 56152K, reserved 1097728K
  class space    used 7194K, capacity 7702K, committed 7808K, reserved 1048576K
}
Event: 23.983 GC heap before
{Heap before GC invocations=14 (full 2):
 PSYoungGen      total 986112K, used 986016K [0x0000000780000000, 0x00000007c0000000, 0x00000007c0000000)
  eden space 983040K, 100% used [0x0000000780000000,0x00000007bc000000,0x00000007bc000000)
  from space 3072K, 96% used [0x00000007bc000000,0x00000007bc2e8010,0x00000007bc300000)
  to   space 33792K, 0% used [0x00000007bdf00000,0x00000007bdf00000,0x00000007c0000000)
 ParOldGen       total 480768K, used 44565K [0x0000000700000000, 0x000000071d580000, 0x0000000780000000)
  object space 480768K, 9% used [0x0000000700000000,0x0000000702b855b0,0x000000071d580000)
 Metaspace       used 53300K, capacity 55950K, committed 56152K, reserved 1097728K
  class space    used 7195K, capacity 7702K, committed 7808K, reserved 1048576K
Event: 23.985 GC heap after
Heap after GC invocations=14 (full 2):
 PSYoungGen      total 1013760K, used 3136K [0x0000000780000000, 0x00000007c0000000, 0x00000007c0000000)
  eden space 979968K, 0% used [0x0000000780000000,0x0000000780000000,0x00000007bbd00000)
  from space 33792K, 9% used [0x00000007bdf00000,0x00000007be210010,0x00000007c0000000)
  to   space 34304K, 0% used [0x00000007bbd00000,0x00000007bbd00000,0x00000007bde80000)
 ParOldGen       total 480768K, used 45381K [0x0000000700000000, 0x000000071d580000, 0x0000000780000000)
  object space 480768K, 9% used [0x0000000700000000,0x0000000702c515c0,0x000000071d580000)
 Metaspace       used 53300K, capacity 55950K, committed 56152K, reserved 1097728K
  class space    used 7195K, capacity 7702K, committed 7808K, reserved 1048576K
}
Event: 26.059 GC heap before
{Heap before GC invocations=15 (full 2):
 PSYoungGen      total 1013760K, used 783319K [0x0000000780000000, 0x00000007c0000000, 0x00000007c0000000)
  eden space 979968K, 79% used [0x0000000780000000,0x00000007af9e5fe8,0x00000007bbd00000)
  from space 33792K, 9% used [0x00000007bdf00000,0x00000007be210010,0x00000007c0000000)
  to   space 34304K, 0% used [0x00000007bbd00000,0x00000007bbd00000,0x00000007bde80000)
 ParOldGen       total 480768K, used 45381K [0x0000000700000000, 0x000000071d580000, 0x0000000780000000)
  object space 480768K, 9% used [0x0000000700000000,0x0000000702c515c0,0x000000071d580000)
 Metaspace       used 56208K, capacity 58990K, committed 59028K, reserved 1099776K
  class space    used 7639K, capacity 8176K, committed 8192K, reserved 1048576K
Event: 26.062 GC heap after
Heap after GC invocations=15 (full 2):
 PSYoungGen      total 983552K, used 3177K [0x0000000780000000, 0x00000007c0000000, 0x00000007c0000000)
  eden space 979968K, 0% used [0x0000000780000000,0x0000000780000000,0x00000007bbd00000)
  from space 3584K, 88% used [0x00000007bbd00000,0x00000007bc01a468,0x00000007bc080000)
  to   space 34816K, 0% used [0x00000007bde00000,0x00000007bde00000,0x00000007c0000000)
 ParOldGen       total 480768K, used 45685K [0x0000000700000000, 0x000000071d580000, 0x0000000780000000)
  object space 480768K, 9% used [0x0000000700000000,0x0000000702c9d5d0,0x000000071d580000)
 Metaspace       used 56208K, capacity 58990K, committed 59028K, reserved 1099776K
  class space    used 7639K, capacity 8176K, committed 8192K, reserved 1048576K
}
Event: 26.062 GC heap before
{Heap before GC invocations=16 (full 3):
 PSYoungGen      total 983552K, used 3177K [0x0000000780000000, 0x00000007c0000000, 0x00000007c0000000)
  eden space 979968K, 0% used [0x0000000780000000,0x0000000780000000,0x00000007bbd00000)
  from space 3584K, 88% used [0x00000007bbd00000,0x00000007bc01a468,0x00000007bc080000)
  to   space 34816K, 0% used [0x00000007bde00000,0x00000007bde00000,0x00000007c0000000)
 ParOldGen       total 480768K, used 45685K [0x0000000700000000, 0x000000071d580000, 0x0000000780000000)
  object space 480768K, 9% used [0x0000000700000000,0x0000000702c9d5d0,0x000000071d580000)
 Metaspace       used 56208K, capacity 58990K, committed 59028K, reserved 1099776K
  class space    used 7639K, capacity 8176K, committed 8192K, reserved 1048576K
Event: 26.176 GC heap after
Heap after GC invocations=16 (full 3):
 PSYoungGen      total 983552K, used 0K [0x0000000780000000, 0x00000007c0000000, 0x00000007c0000000)
  eden space 979968K, 0% used [0x0000000780000000,0x0000000780000000,0x00000007bbd00000)
  from space 3584K, 0% used [0x00000007bbd00000,0x00000007bbd00000,0x00000007bc080000)
  to   space 34816K, 0% used [0x00000007bde00000,0x00000007bde00000,0x00000007c0000000)
 ParOldGen       total 560640K, used 35397K [0x0000000700000000, 0x0000000722380000, 0x0000000780000000)
  object space 560640K, 6% used [0x0000000700000000,0x0000000702291678,0x0000000722380000)
 Metaspace       used 56012K, capacity 58612K, committed 59028K, reserved 1099776K
  class space    used 7588K, capacity 8074K, committed 8192K, reserved 1048576K
}

