# JRE version: Java(TM) SE Runtime Environment (8.0_202-b08) (build 1.8.0_202-b08)
# Java VM: Java HotSpot(TM) 64-Bit Server VM (25.202-b08 mixed mode windows-amd64 compressed oops)
Heap:
 PSYoungGen      total 1020928K, used 16374K [0x0000000780000000, 0x00000007c0000000, 0x00000007c0000000)
  eden space 1004544K, 0% used [0x0000000780000000,0x0000000780000000,0x00000007bd500000)
  from space 16384K, 99% used [0x00000007bf000000,0x00000007bfffda10,0x00000007c0000000)
  to   space 22016K, 0% used [0x00000007bd500000,0x00000007bd500000,0x00000007bea80000)
 ParOldGen       total 509440K, used 31544K [0x0000000700000000, 0x000000071f180000, 0x0000000780000000)
  object space 509440K, 6% used [0x0000000700000000,0x0000000701ece248,0x000000071f180000)
 Metaspace       used 55686K, capacity 59006K, committed 59028K, reserved 1099776K
  class space    used 7843K, capacity 8447K, committed 8448K, reserved 1048576K
GC Heap History (10 events):
Event: 6.518 GC heap after
Heap after GC invocations=16 (full 2):
 PSYoungGen      total 790528K, used 10683K [0x0000000780000000, 0x00000007b1600000, 0x00000007c0000000)
  eden space 778240K, 0% used [0x0000000780000000,0x0000000780000000,0x00000007af800000)
  from space 12288K, 86% used [0x00000007b0a00000,0x00000007b146efc8,0x00000007b1600000)
  to   space 15360K, 0% used [0x00000007af800000,0x00000007af800000,0x00000007b0700000)
 ParOldGen       total 509440K, used 21765K [0x0000000700000000, 0x000000071f180000, 0x0000000780000000)
  object space 509440K, 4% used [0x0000000700000000,0x00000007015414a8,0x000000071f180000)
 Metaspace       used 40152K, capacity 42112K, committed 42200K, reserved 1085440K
  class space    used 5733K, capacity 6130K, committed 6144K, reserved 1048576K
}
Event: 6.873 GC heap before
{Heap before GC invocations=17 (full 2):
 PSYoungGen      total 790528K, used 788923K [0x0000000780000000, 0x00000007b1600000, 0x00000007c0000000)
  eden space 778240K, 100% used [0x0000000780000000,0x00000007af800000,0x00000007af800000)
  from space 12288K, 86% used [0x00000007b0a00000,0x00000007b146efc8,0x00000007b1600000)
  to   space 15360K, 0% used [0x00000007af800000,0x00000007af800000,0x00000007b0700000)
 ParOldGen       total 509440K, used 21765K [0x0000000700000000, 0x000000071f180000, 0x0000000780000000)
  object space 509440K, 4% used [0x0000000700000000,0x00000007015414a8,0x000000071f180000)
 Metaspace       used 40152K, capacity 42112K, committed 42200K, reserved 1085440K
  class space    used 5733K, capacity 6130K, committed 6144K, reserved 1048576K
Event: 6.878 GC heap after
Heap after GC invocations=17 (full 2):
 PSYoungGen      total 793600K, used 12219K [0x0000000780000000, 0x00000007ba800000, 0x00000007c0000000)
  eden space 778240K, 0% used [0x0000000780000000,0x0000000780000000,0x00000007af800000)
  from space 15360K, 79% used [0x00000007af800000,0x00000007b03eeeb8,0x00000007b0700000)
  to   space 15872K, 0% used [0x00000007b9880000,0x00000007b9880000,0x00000007ba800000)
 ParOldGen       total 509440K, used 21773K [0x0000000700000000, 0x000000071f180000, 0x0000000780000000)
  object space 509440K, 4% used [0x0000000700000000,0x00000007015434a8,0x000000071f180000)
 Metaspace       used 40152K, capacity 42112K, committed 42200K, reserved 1085440K
  class space    used 5733K, capacity 6130K, committed 6144K, reserved 1048576K
}
Event: 7.187 GC heap before
{Heap before GC invocations=18 (full 2):
 PSYoungGen      total 793600K, used 790459K [0x0000000780000000, 0x00000007ba800000, 0x00000007c0000000)
  eden space 778240K, 100% used [0x0000000780000000,0x00000007af800000,0x00000007af800000)
  from space 15360K, 79% used [0x00000007af800000,0x00000007b03eeeb8,0x00000007b0700000)
  to   space 15872K, 0% used [0x00000007b9880000,0x00000007b9880000,0x00000007ba800000)
 ParOldGen       total 509440K, used 21773K [0x0000000700000000, 0x000000071f180000, 0x0000000780000000)
  object space 509440K, 4% used [0x0000000700000000,0x00000007015434a8,0x000000071f180000)
 Metaspace       used 40153K, capacity 42112K, committed 42200K, reserved 1085440K
  class space    used 5733K, capacity 6130K, committed 6144K, reserved 1048576K
Event: 7.194 GC heap after
Heap after GC invocations=18 (full 2):
 PSYoungGen      total 941568K, used 13614K [0x0000000780000000, 0x00000007bb480000, 0x00000007c0000000)
  eden space 925696K, 0% used [0x0000000780000000,0x0000000780000000,0x00000007b8800000)
  from space 15872K, 85% used [0x00000007b9880000,0x00000007ba5cbba0,0x00000007ba800000)
  to   space 16896K, 0% used [0x00000007b8800000,0x00000007b8800000,0x00000007b9880000)
 ParOldGen       total 509440K, used 21781K [0x0000000700000000, 0x000000071f180000, 0x0000000780000000)
  object space 509440K, 4% used [0x0000000700000000,0x00000007015454a8,0x000000071f180000)
 Metaspace       used 40153K, capacity 42112K, committed 42200K, reserved 1085440K
  class space    used 5733K, capacity 6130K, committed 6144K, reserved 1048576K
}
Event: 8.208 GC heap before
{Heap before GC invocations=19 (full 2):
 PSYoungGen      total 941568K, used 939310K [0x0000000780000000, 0x00000007bb480000, 0x00000007c0000000)
  eden space 925696K, 100% used [0x0000000780000000,0x00000007b8800000,0x00000007b8800000)
  from space 15872K, 85% used [0x00000007b9880000,0x00000007ba5cbba0,0x00000007ba800000)
  to   space 16896K, 0% used [0x00000007b8800000,0x00000007b8800000,0x00000007b9880000)
 ParOldGen       total 509440K, used 21781K [0x0000000700000000, 0x000000071f180000, 0x0000000780000000)
  object space 509440K, 4% used [0x0000000700000000,0x00000007015454a8,0x000000071f180000)
 Metaspace       used 40161K, capacity 42180K, committed 42200K, reserved 1085440K
  class space    used 5733K, capacity 6130K, committed 6144K, reserved 1048576K
Event: 8.211 GC heap after
Heap after GC invocations=19 (full 2):
 PSYoungGen      total 942592K, used 8754K [0x0000000780000000, 0x00000007c0000000, 0x00000007c0000000)
  eden space 925696K, 0% used [0x0000000780000000,0x0000000780000000,0x00000007b8800000)
  from space 16896K, 51% used [0x00000007b8800000,0x00000007b908ca60,0x00000007b9880000)
  to   space 16384K, 0% used [0x00000007bf000000,0x00000007bf000000,0x00000007c0000000)
 ParOldGen       total 509440K, used 21789K [0x0000000700000000, 0x000000071f180000, 0x0000000780000000)
  object space 509440K, 4% used [0x0000000700000000,0x00000007015474a8,0x000000071f180000)
 Metaspace       used 40161K, capacity 42180K, committed 42200K, reserved 1085440K
  class space    used 5733K, capacity 6130K, committed 6144K, reserved 1048576K
}
Event: 10.822 GC heap before
{Heap before GC invocations=20 (full 2):
 PSYoungGen      total 942592K, used 659393K [0x0000000780000000, 0x00000007c0000000, 0x00000007c0000000)
  eden space 925696K, 70% used [0x0000000780000000,0x00000007a7b63cd0,0x00000007b8800000)
  from space 16896K, 51% used [0x00000007b8800000,0x00000007b908ca60,0x00000007b9880000)
  to   space 16384K, 0% used [0x00000007bf000000,0x00000007bf000000,0x00000007c0000000)
 ParOldGen       total 509440K, used 21789K [0x0000000700000000, 0x000000071f180000, 0x0000000780000000)
  object space 509440K, 4% used [0x0000000700000000,0x00000007015474a8,0x000000071f180000)
 Metaspace       used 55686K, capacity 59006K, committed 59028K, reserved 1099776K
  class space    used 7843K, capacity 8447K, committed 8448K, reserved 1048576K
Event: 10.835 GC heap after
Heap after GC invocations=20 (full 2):
 PSYoungGen      total 1020928K, used 16374K [0x0000000780000000, 0x00000007c0000000, 0x00000007c0000000)
  eden space 1004544K, 0% used [0x0000000780000000,0x0000000780000000,0x00000007bd500000)
  from space 16384K, 99% used [0x00000007bf000000,0x00000007bfffda10,0x00000007c0000000)
  to   space 22016K, 0% used [0x00000007bd500000,0x00000007bd500000,0x00000007bea80000)
 ParOldGen       total 509440K, used 31544K [0x0000000700000000, 0x000000071f180000, 0x0000000780000000)
  object space 509440K, 6% used [0x0000000700000000,0x0000000701ece248,0x000000071f180000)
 Metaspace       used 55686K, capacity 59006K, committed 59028K, reserved 1099776K
  class space    used 7843K, capacity 8447K, committed 8448K, reserved 1048576K
}
Event: 10.835 GC heap before
{Heap before GC invocations=21 (full 3):
 PSYoungGen      total 1020928K, used 16374K [0x0000000780000000, 0x00000007c0000000, 0x00000007c0000000)
  eden space 1004544K, 0% used [0x0000000780000000,0x0000000780000000,0x00000007bd500000)
  from space 16384K, 99% used [0x00000007bf000000,0x00000007bfffda10,0x00000007c0000000)
  to   space 22016K, 0% used [0x00000007bd500000,0x00000007bd500000,0x00000007bea80000)
 ParOldGen       total 509440K, used 31544K [0x0000000700000000, 0x000000071f180000, 0x0000000780000000)
  object space 509440K, 6% used [0x0000000700000000,0x0000000701ece248,0x000000071f180000)
 Metaspace       used 55686K, capacity 59006K, committed 59028K, reserved 1099776K
  class space    used 7843K, capacity 8447K, committed 8448K, reserved 1048576K

